<?xml version="1.0" encoding="UTF-8"?>
<testng-results ignored="0" total="1" passed="1" failed="0" skipped="0">
  <reporter-output>
  </reporter-output>
  <suite started-at="2024-08-23T13:41:35 IST" name="Default suite" finished-at="2024-08-23T13:41:35 IST" duration-ms="27">
    <groups>
    </groups>
    <test started-at="2024-08-23T13:41:35 IST" name="Default test" finished-at="2024-08-23T13:41:35 IST" duration-ms="27">
      <class name="com.jenkins.test123">
        <test-method signature="verifyTest()[pri:0, instance:com.jenkins.test123@6b8ca3c8]" started-at="2024-08-23T13:41:35 IST" name="verifyTest" finished-at="2024-08-23T13:41:35 IST" duration-ms="6" status="PASS">
          <reporter-output>
          </reporter-output>
        </test-method> <!-- verifyTest -->
      </class> <!-- com.jenkins.test123 -->
    </test> <!-- Default test -->
  </suite> <!-- Default suite -->
</testng-results>
